<?xml version="1.0" encoding="UTF-8"?>
<!-- Generated by org.testng.reporters.JUnitReportReporter -->
<testsuite hostname="LAPTOP-V1EP264I" failures="0" tests="1" name="test.EndToEndTest" time="6.091" errors="0" timestamp="2023-09-10T23:01:18 IST" skipped="0">
  <testcase classname="test.EndToEndTest" name="verifyOrderPlace" time="6.091"/>
</testsuite> <!-- test.EndToEndTest -->
