<?xml version="1.0" encoding="UTF-8"?>
<!-- Generated by org.testng.reporters.JUnitReportReporter -->
<testsuite hostname="LAPTOP-V1EP264I" failures="0" tests="7" name="test.ProductsPageTest" time="29.826" errors="0" timestamp="2023-09-10T23:01:18 IST" skipped="0">
  <testcase classname="test.ProductsPageTest" name="verifyDisplayOfProduct" time="4.245"/>
  <testcase classname="test.ProductsPageTest" name="verifyProductNameLink" time="3.445"/>
  <testcase classname="test.ProductsPageTest" name="verifyProductImageLink" time="3.585"/>
  <testcase classname="test.ProductsPageTest" name="verifyFilterByNameAtoZ" time="4.689"/>
  <testcase classname="test.ProductsPageTest" name="verifyFilterByNameZtoA" time="4.621"/>
  <testcase classname="test.ProductsPageTest" name="verifyFilterByPriceLowToHigh" time="5.027"/>
  <testcase classname="test.ProductsPageTest" name="verifyFilterByNamePriceHighToLow" time="4.214"/>
</testsuite> <!-- test.ProductsPageTest -->
