<?xml version="1.0" encoding="UTF-8"?>
<!-- Generated by org.testng.reporters.JUnitReportReporter -->
<testsuite hostname="LAPTOP-V1EP264I" failures="0" tests="1" name="test.LogoutTest" time="4.845" errors="0" timestamp="2023-09-10T23:01:18 IST" skipped="0">
  <testcase classname="test.LogoutTest" name="verifyLogoutPage" time="4.845"/>
</testsuite> <!-- test.LogoutTest -->
