<?xml version="1.0" encoding="UTF-8"?>
<!-- Generated by org.testng.reporters.JUnitReportReporter -->
<testsuite hostname="LAPTOP-V1EP264I" failures="0" tests="7" name="test.CartPageTest" time="28.212" errors="0" timestamp="2023-09-10T23:01:18 IST" skipped="0">
  <testcase classname="test.CartPageTest" name="verifyAddToCartItemLink" time="3.413"/>
  <testcase classname="test.CartPageTest" name="verifyDisplayOfAddToCartProduct" time="2.911"/>
  <testcase classname="test.CartPageTest" name="verifyAddToCartProductName" time="3.235"/>
  <testcase classname="test.CartPageTest" name="verifyAddToCartProductNameLink" time="2.744"/>
  <testcase classname="test.CartPageTest" name="verifyRemoveTheProductFromCart" time="7.956"/>
  <testcase classname="test.CartPageTest" name="verifyCancelButton" time="3.222"/>
  <testcase classname="test.CartPageTest" name="verifyCheckoutButton" time="4.731"/>
</testsuite> <!-- test.CartPageTest -->
