<?xml version="1.0" encoding="UTF-8"?>
<!-- Generated by org.testng.reporters.JUnitReportReporter -->
<testsuite hostname="LAPTOP-V1EP264I" failures="0" tests="11" name="test.SwaglabsLoginTest" time="37.787" errors="0" timestamp="2023-09-10T23:01:18 IST" skipped="0">
  <testcase classname="test.SwaglabsLoginTest" name="loginStandardUserWithValidCredentials" time="3.146"/>
  <testcase classname="test.SwaglabsLoginTest" name="loginStandardUserWithValidUsernameAndInvalidPassword" time="3.212"/>
  <testcase classname="test.SwaglabsLoginTest" name="loginStandardUserWithInvalidUsernameAndValidPassword" time="2.911"/>
  <testcase classname="test.SwaglabsLoginTest" name="loginOfLockedOutUserWithValidCredentials" time="2.941"/>
  <testcase classname="test.SwaglabsLoginTest" name="loginLockedOutUserWithValidUsernameAndInvalidPassword" time="2.730"/>
  <testcase classname="test.SwaglabsLoginTest" name="loginOfProblemUserWithValidCredentials" time="2.596"/>
  <testcase classname="test.SwaglabsLoginTest" name="loginOfProblemUserWithValidUsernameAndInvalidPassword" time="4.213"/>
  <testcase classname="test.SwaglabsLoginTest" name="loginOfProblemUserWithInvalidUsernameAndValidPassword" time="2.571"/>
  <testcase classname="test.SwaglabsLoginTest" name="loginOfPerformanceGlitchUserWithValidCredentials" time="7.737"/>
  <testcase classname="test.SwaglabsLoginTest" name="loginOfPerformanceGlitchUserWithValidUsernameAndInvalidPassword" time="2.743"/>
  <testcase classname="test.SwaglabsLoginTest" name="loginOfPerformanceGlitchUserWithInvalidUsernameAndValidPassword" time="2.987"/>
</testsuite> <!-- test.SwaglabsLoginTest -->
