<?xml version="1.0" encoding="UTF-8"?>
<!-- Generated by org.testng.reporters.JUnitReportReporter -->
<testsuite hostname="LAPTOP-V1EP264I" failures="0" tests="6" name="test.CheckoutOverviewTest" time="29.812" errors="0" timestamp="2023-09-10T23:01:18 IST" skipped="0">
  <testcase classname="test.CheckoutOverviewTest" name="verifyDisplayOfProductOnCheckoutOverviewPage" time="5.163"/>
  <testcase classname="test.CheckoutOverviewTest" name="verifyProductPrice" time="4.722"/>
  <testcase classname="test.CheckoutOverviewTest" name="verifyItemTotalWithAdditionOfProductPrice" time="5.067"/>
  <testcase classname="test.CheckoutOverviewTest" name="verifySumOfItemTotalAndTaxWithTotalPrice" time="5.089"/>
  <testcase classname="test.CheckoutOverviewTest" name="verifyFinishButton" time="4.493"/>
  <testcase classname="test.CheckoutOverviewTest" name="verifyCancelButton" time="5.278"/>
</testsuite> <!-- test.CheckoutOverviewTest -->
