<?xml version="1.0" encoding="UTF-8"?>
<!-- Generated by org.testng.reporters.JUnitReportReporter -->
<testsuite hostname="LAPTOP-V1EP264I" failures="0" tests="4" name="test.FooterTest" time="27.059" errors="0" timestamp="2023-09-10T23:01:18 IST" skipped="0">
  <testcase classname="test.FooterTest" name="verifyTwitterLink" time="6.219"/>
  <testcase classname="test.FooterTest" name="verifyFacebookLink" time="9.534"/>
  <testcase classname="test.FooterTest" name="verifyLinkdinLink" time="6.470"/>
  <testcase classname="test.FooterTest" name="verifyPrivacyPolicy" time="4.836"/>
</testsuite> <!-- test.FooterTest -->
