<?xml version="1.0" encoding="UTF-8"?>
<!-- Generated by org.testng.reporters.JUnitReportReporter -->
<testsuite hostname="LAPTOP-V1EP264I" failures="0" tests="7" name="test.AddToCartTest" time="27.889" errors="0" timestamp="2023-09-10T23:01:18 IST" skipped="0">
  <testcase classname="test.AddToCartTest" name="verifyAddToCartFromProductPage" time="3.664"/>
  <testcase classname="test.AddToCartTest" name="verifyAddToCartFromProductPageWithProductCount" time="4.236"/>
  <testcase classname="test.AddToCartTest" name="verifyRemoveProductFromProductPage" time="4.021"/>
  <testcase classname="test.AddToCartTest" name="addMultipleProductToCart" time="3.751"/>
  <testcase classname="test.AddToCartTest" name="verifyAddToCartFromProductDetailsPage" time="4.191"/>
  <testcase classname="test.AddToCartTest" name="verifyAddToCartFromProductDetailsPageWithProductCount" time="3.973"/>
  <testcase classname="test.AddToCartTest" name="verifyRemoveProductFromProductDetailsPage" time="4.053"/>
</testsuite> <!-- test.AddToCartTest -->
