<?xml version="1.0" encoding="UTF-8"?>
<!-- Generated by org.testng.reporters.JUnitReportReporter -->
<testsuite hostname="LAPTOP-V1EP264I" failures="0" tests="1" name="test.extra" time="7.121" errors="0" timestamp="2023-09-10T00:43:49 IST" skipped="0">
  <testcase classname="test.extra" name="verifyFilterByName" time="7.121"/>
</testsuite> <!-- test.extra -->
